---------------------------------------------------
M.U.G.E.N ver 1.1.0 Beta 1 P1 (2013.08.11) status log
---------------------------------------------------
Parsing command line...
Command line: C:\Users\lsp\Desktop\mugen-Main-Branch\mugen.exe
Parse command line OK
Initializing...
Allocating game variables
Reading configuration file...Setting language "en".
OK
Initializing timer...performance timer enabled...frequency 10000000...OK
Initializing keyboard...configuring...OK
Initializing input engine...OK
Initializing sound...OK
Initializing BGM...  OK
Initializing graphics...gameCoord 1280x720...render mode 2_20...trying 1280x720x32 mode 0x0...success...OK
Setting callbacks...OK
Initializing font...OK
Initializing game variables...OK
Session RNG seed is 1780900514
Loading system fonts...OK
Loading options...
Initializing pads...failed
Reinitializing input engine...OK
Remapping keys...OK
Reinitializing input engine...OK
Options loaded OK
Loading system...
  Load system file system.def...OK
  Load system spr...OK
  Load system snd...OK
  Load system fonts...OK
  Load system anim...OK
  Load [Title Info]...OK
  Load [Option Info]...OK
  Load [Select Info]...OK
  Load [VS Screen]...OK
  Load [Victory Screen]...OK
  Load [Demo Mode]...OK
  Load [Continue Screen]...OK
  Load [Game Over Screen]...OK
  Load [Win Screen]...OK
  Load [Survival Results Screen]...OK
  Load [Default Ending]...OK
  Load [End Credits]...OK
  Load TitleBG...VersusBG...VictoryBG...SelectBG...OptionBG...OK
  Loading fight data
    Opening fight data file data/mugen1/fight.def...OK
    Reading [Files]...OK
    Loading fonts...OK
    Load fight anim...OK
    Reading [Lifebar]...[Turns Lifebar]...[Simul Lifebar]...[Powerbar]...
    [Face]...[Simul Face]...[Turns Face]...
    [Name]...[Simul Name]...[Turns Name]...
    [Time]...[Combo]...[Round]...[WinIcon]...OK
    Allocating explods...OK
  Fight data loaded OK
Lua initing
Lua init complete
System loaded OK
Initialize OK
Set up graphics...timer...OK

Entering gameflow loop
Gameflow 0
Gameflow 1
Gameflow 2
Initializing character info...OK
Initializing select screen...finding characters...
  Error reading character file: chars/kfm/kfm.def

  Error reading character file: chars/kfm720/kfm720.def
OK
Gameflow 3
Gameflow 4
Entering mode select.
Unloading match assets
Freeing players
Game loop init
Mode select init
End of mode select loop
Game loop deinit
Gameflow 6
Reset persist vars team 0
Reset persist vars team 1
Gameflow 7
Entering character select.
Unloading match assets
Freeing players
Game loop init
Unreserved all palettes
Charsel init
Selected char 0 on teamslot 1.0
Char KEN5.def (0) request pal 0 FFF (FFF) -> reserved 0 (FFE)
Selected char 1 on teamslot 0.0
Char MasterSean.def (1) request pal 3 1 (1) -> reserved 0 (0)
End of charsel loop
Game loop deinit
Gameflow 8
Gameflow 9
Gameflow 10
Entering versus screen.
Unloading match assets
Freeing players
Game loop init
Versus screen init
End of versus screen loop
Game loop deinit
Gameflow 11
Loading match assets...
Loading stage...
  Loading BG...OK
Stage loaded OK
  Allocating helpers...OK
Match RNG seed: 2115350560
Reset persist vars team 0
Reset persist vars team 1
Loading character chars/MasterSean/MasterSean.def...
  Loading info...Info: LAMB//CHOPS loading in pre-1.0 compatible mode
OK
  Loading cmd command set MasterSean.cmd...OK
  Loading cns MasterSean.cns...OK
  Loading cns common.cns...OK
  Loading cmd state entry MasterSean.cmd...OK
  Loading common states common1.cns...OK
  Loading sff MasterSean.sff...OK
  Loading anim MasterSean.air...OK
  Loading snd MasterSean.snd...OK
  Loading pals...(1,1)OK
  SFF v1.01 palette hack engaged.
  7749 expressions (2000 on trigger lines)
Character MasterSean.def loaded OK
New char MasterSean loaded into cache: (1/4 cached) Load time: 1720.000ms
Loading character chars/KEN5/KEN5.def...
  Loading info...Info: JohCaw loading in pre-1.0 compatible mode
OK
  Loading cmd command set ken.cmd...OK
  Loading cns ken.cns...OK
  Loading cmd state entry ken.cmd...OK
  Loading common states common1.cns...OK
  Loading sff ken.sff...OK
  Loading anim ken.air...OK
  Loading snd ken.snd...OK
  Loading pals...(1,1)(1,2)(1,3)(1,4)(1,5)(1,6)(1,7)(1,8)(1,9)(1,10)(1,11)(1,12)OK
  SFF v1.01 palette hack engaged.
  3696 expressions (1396 on trigger lines)
Character KEN5.def loaded OK
New char Ken Master loaded into cache: (2/4 cached) Load time: 440.000ms
Resetting round
Match assets initialized OK
Game loop init
Match loop init
End of match loop
Total time: 12.83s
Total frames: 771 	Skipped frames: 0
Avg game rate: 60.09
Avg frame rate: 60.09

Finishing match
Freeing players
Save persist vars P56 MasterSean
Player MasterSean cache count reduced: 0
Save persist vars P57 Ken Master
Player Ken Master cache count reduced: 0
Match RNG closed
Game loop deinit
Gameflow 6
Reset persist vars team 0
Reset persist vars team 1
Gameflow 7
Entering character select.
Unloading match assets
Freeing players
Unloading stage...OK
Game loop init
Unreserved all palettes
Charsel init
Selected char 0 on teamslot 1.0
Char KEN5.def (0) request pal 0 FFF (FFF) -> reserved 0 (FFE)
Selected char 1 on teamslot 0.0
Char MasterSean.def (1) request pal 3 1 (1) -> reserved 0 (0)
End of charsel loop
Game loop deinit
Gameflow 8
Gameflow 9
Gameflow 10
Entering versus screen.
Unloading match assets
Freeing players
Game loop init
Versus screen init
End of versus screen loop
Game loop deinit
Gameflow 11
Loading match assets...
Loading stage...
  Loading BG...OK
Stage loaded OK
  Allocating helpers...OK
Match RNG seed: 1105069029
Reset persist vars team 0
Reset persist vars team 1
Player MasterSean cache count increased: 1
Player Ken Master cache count increased: 1
Resetting round
Match assets initialized OK
Game loop init
Match loop init
End of match loop
Total time: 15.06s
Total frames: 905 	Skipped frames: 0
Avg game rate: 60.09
Avg frame rate: 60.09

Finishing match
Freeing players
Save persist vars P56 MasterSean
Player MasterSean cache count reduced: 0
Save persist vars P57 Ken Master
Player Ken Master cache count reduced: 0
Match RNG closed
Game loop deinit
Gameflow 6
Reset persist vars team 0
Reset persist vars team 1
Gameflow 7
Entering character select.
Unloading match assets
Freeing players
Unloading stage...OK
Game loop init
Unreserved all palettes
Charsel init
Selected char 0 on teamslot 1.0
Char KEN5.def (0) request pal 0 FFF (FFF) -> reserved 0 (FFE)
Selected char 1 on teamslot 0.0
Char MasterSean.def (1) request pal 3 1 (1) -> reserved 0 (0)
End of charsel loop
Game loop deinit
Gameflow 8
Gameflow 9
Gameflow 10
Entering versus screen.
Unloading match assets
Freeing players
Game loop init
Versus screen init
End of versus screen loop
Game loop deinit
Gameflow 11
Loading match assets...
Loading stage...
  Loading BG...OK
Stage loaded OK
  Allocating helpers...OK
Match RNG seed: 1456574341
Reset persist vars team 0
Reset persist vars team 1
Player MasterSean cache count increased: 1
Player Ken Master cache count increased: 1
Resetting round
Match assets initialized OK
Game loop init
Match loop init
End of match loop
Total time: 6.63s
Total frames: 399 	Skipped frames: 0
Avg game rate: 60.18
Avg frame rate: 60.18

Finishing match
Freeing players
Save persist vars P56 MasterSean
Player MasterSean cache count reduced: 0
Save persist vars P57 Ken Master
Player Ken Master cache count reduced: 0
Match RNG closed
Game loop deinit
Gameflow 6
Reset persist vars team 0
Reset persist vars team 1
Gameflow 7
Entering character select.
Unloading match assets
Freeing players
Unloading stage...OK
Game loop init
Unreserved all palettes
Charsel init
Selected char 0 on teamslot 1.0
Char KEN5.def (0) request pal 0 FFF (FFF) -> reserved 0 (FFE)
Selected char 1 on teamslot 0.0
Char MasterSean.def (1) request pal 3 1 (1) -> reserved 0 (0)
End of charsel loop
Game loop deinit
Gameflow 8
Gameflow 9
Gameflow 10
Entering versus screen.
Unloading match assets
Freeing players
Game loop init
Versus screen init
End of versus screen loop
Game loop deinit
Gameflow 11
Loading match assets...
Loading stage...
  Loading BG...OK
Stage loaded OK
  Allocating helpers...OK
Match RNG seed: 1478840228
Reset persist vars team 0
Reset persist vars team 1
Player MasterSean cache count increased: 1
Player Ken Master cache count increased: 1
Resetting round
Match assets initialized OK
Game loop init
Match loop init
End of match loop
Total time: 4.98s
Total frames: 300 	Skipped frames: 0
Avg game rate: 60.24
Avg frame rate: 60.24

Finishing match
Freeing players
Save persist vars P56 MasterSean
Player MasterSean cache count reduced: 0
Save persist vars P57 Ken Master
Player Ken Master cache count reduced: 0
Match RNG closed
Game loop deinit
Gameflow 6
Reset persist vars team 0
Reset persist vars team 1
Gameflow 7
Entering character select.
Unloading match assets
Freeing players
Unloading stage...OK
Game loop init
Unreserved all palettes
Charsel init
Selected char 0 on teamslot 1.0
Char KEN5.def (0) request pal 0 FFF (FFF) -> reserved 0 (FFE)
Selected char 1 on teamslot 0.0
Char MasterSean.def (1) request pal 3 1 (1) -> reserved 0 (0)
End of charsel loop
Game loop deinit
Gameflow 8
Gameflow 9
Gameflow 10
Entering versus screen.
Unloading match assets
Freeing players
Game loop init
Versus screen init
End of versus screen loop
Game loop deinit
Gameflow 11
Loading match assets...
Loading stage...
  Loading BG...OK
Stage loaded OK
  Allocating helpers...OK
Match RNG seed: 2039448459
Reset persist vars team 0
Reset persist vars team 1
Player MasterSean cache count increased: 1
Player Ken Master cache count increased: 1
Resetting round
Match assets initialized OK
Game loop init
Match loop init
End of match loop
Total time: 1.48s
Total frames: 90 	Skipped frames: 0
Avg game rate: 60.81
Avg frame rate: 60.81

Finishing match
Freeing players
Save persist vars P56 MasterSean
Player MasterSean cache count reduced: 0
Save persist vars P57 Ken Master
Player Ken Master cache count reduced: 0
Match RNG closed
Game loop deinit
Gameflow 6
Reset persist vars team 0
Reset persist vars team 1
Gameflow 7
Entering character select.
Unloading match assets
Freeing players
Unloading stage...OK
Game loop init
Unreserved all palettes
Charsel init
Selected char 0 on teamslot 1.0
Char KEN5.def (0) request pal 0 FFF (FFF) -> reserved 0 (FFE)
Selected char 1 on teamslot 0.0
Char MasterSean.def (1) request pal 3 1 (1) -> reserved 0 (0)
End of charsel loop
Game loop deinit
Gameflow 8
Gameflow 9
Gameflow 10
Entering versus screen.
Unloading match assets
Freeing players
Game loop init
Versus screen init
End of versus screen loop
Game loop deinit
Gameflow 11
Loading match assets...
Loading stage...
  Loading BG...OK
Stage loaded OK
  Allocating helpers...OK
Match RNG seed: 1023743840
Reset persist vars team 0
Reset persist vars team 1
Player MasterSean cache count increased: 1
Player Ken Master cache count increased: 1
Resetting round
Match assets initialized OK
Game loop init
Match loop init
End of match loop
Total time: 1.60s
Total frames: 97 	Skipped frames: 0
Avg game rate: 60.63
Avg frame rate: 60.63

Finishing match
Freeing players
Save persist vars P56 MasterSean
Player MasterSean cache count reduced: 0
Save persist vars P57 Ken Master
Player Ken Master cache count reduced: 0
Match RNG closed
Game loop deinit
Gameflow 6
Reset persist vars team 0
Reset persist vars team 1
Gameflow 7
Entering character select.
Unloading match assets
Freeing players
Unloading stage...OK
Game loop init
Unreserved all palettes
Charsel init
Selected char 0 on teamslot 1.0
Char KEN5.def (0) request pal 0 FFF (FFF) -> reserved 0 (FFE)
Selected char 1 on teamslot 0.0
Char MasterSean.def (1) request pal 3 1 (1) -> reserved 0 (0)
End of charsel loop
Game loop deinit
Gameflow 8
Gameflow 9
Gameflow 10
Entering versus screen.
Unloading match assets
Freeing players
Game loop init
Versus screen init
End of versus screen loop
Game loop deinit
Gameflow 11
Loading match assets...
Loading stage...
  Loading BG...OK
Stage loaded OK
  Allocating helpers...OK
Match RNG seed: 423722310
Reset persist vars team 0
Reset persist vars team 1
Player MasterSean cache count increased: 1
Player Ken Master cache count increased: 1
Resetting round
Match assets initialized OK
Game loop init
Match loop init
End of match loop
Total time: 1.56s
Total frames: 95 	Skipped frames: 0
Avg game rate: 60.90
Avg frame rate: 60.90

Finishing match
Freeing players
Save persist vars P56 MasterSean
Player MasterSean cache count reduced: 0
Save persist vars P57 Ken Master
Player Ken Master cache count reduced: 0
Match RNG closed
Game loop deinit
Gameflow 6
Reset persist vars team 0
Reset persist vars team 1
Gameflow 7
Entering character select.
Unloading match assets
Freeing players
Unloading stage...OK
Game loop init
Unreserved all palettes
Charsel init
Game loop deinit
Canceled character select.
Gameflow 4
Entering mode select.
Unloading match assets
Freeing players
Game loop init
Mode select init
End of mode select loop
Game loop deinit
Returned from gameflow loop
Deinitializing...
Frames      : 7109
Time elapsed: 120.960 sec
ticks: 12096, tps: 100, start 97, end 12193

Unloading match assets
Freeing players
Clearing player cache...Freeing player RC Ken Master...CMD...CNS...SFF...AIR...SND...Misc...OK
Freeing player RC MasterSean...CMD...CNS...SFF...AIR...SND...Misc...OK
OK
Freeing character info...OK
Freeing select screen...OK
Freeing fight data...OK
Freeing system data...OK
Freeing game variables...Unloading match assets
Freeing players
OK
Deinitializing input...pad...keyboard...OK
Removing callbacks...OK
Deintializing timer...OK
Deinitializing graphics...OK
Deinitializing BGM...OK
Deinitializing sound...OK
Successful program termination.

Log file successfully closed.
